<?xml version="1.0" encoding="UTF-8"?>
<testsuite name="com.javasampleapproach.mysql.address.CreateAddressTest" time="0.039" tests="1" errors="1" skipped="0" failures="0">
  <properties>
[...]
</properties>
  <testcase name="sholdMapFields" classname="com.javasampleapproach.mysql.address.CreateAddressTest" time="0.039">
    <error type="java.lang.NullPointerException:">java.lang.NullPointerException: null
	at com.javasampleapproach.mysql.address.CreateAddressTest.sholdMapFields(CreateAddressTest.java:48)
</error>
    <system-out><![CDATA[23:15:32.886 [main] DEBUG org.springframework.test.context.junit4.SpringJUnit4ClassRunner - SpringJUnit4ClassRunner constructor called with [class com.javasampleapproach.mysql.address.CreateAddressTest]
23:15:32.896 [main] DEBUG org.springframework.test.context.BootstrapUtils - Instantiating CacheAwareContextLoaderDelegate from class [org.springframework.test.context.cache.DefaultCacheAwareContextLoaderDelegate]
23:15:32.918 [main] DEBUG org.springframework.test.context.BootstrapUtils - Instantiating BootstrapContext using constructor [public org.springframework.test.context.support.DefaultBootstrapContext(java.lang.Class,org.springframework.test.context.CacheAwareContextLoaderDelegate)]
23:15:32.957 [main] DEBUG org.springframework.test.context.BootstrapUtils - Instantiating TestContextBootstrapper for test class [com.javasampleapproach.mysql.address.CreateAddressTest] from class [org.springframework.boot.test.context.SpringBootTestContextBootstrapper]
23:15:32.985 [main] INFO org.springframework.boot.test.context.SpringBootTestContextBootstrapper - Neither @ContextConfiguration nor @ContextHierarchy found for test class [com.javasampleapproach.mysql.address.CreateAddressTest], using SpringBootContextLoader
23:15:32.991 [main] DEBUG org.springframework.test.context.support.AbstractContextLoader - Did not detect default resource location for test class [com.javasampleapproach.mysql.address.CreateAddressTest]: class path resource [com/javasampleapproach/mysql/address/CreateAddressTest-context.xml] does not exist
23:15:32.992 [main] DEBUG org.springframework.test.context.support.AbstractContextLoader - Did not detect default resource location for test class [com.javasampleapproach.mysql.address.CreateAddressTest]: class path resource [com/javasampleapproach/mysql/address/CreateAddressTestContext.groovy] does not exist
23:15:32.993 [main] INFO org.springframework.test.context.support.AbstractContextLoader - Could not detect default resource locations for test class [com.javasampleapproach.mysql.address.CreateAddressTest]: no resource found for suffixes {-context.xml, Context.groovy}.
23:15:32.994 [main] INFO org.springframework.test.context.support.AnnotationConfigContextLoaderUtils - Could not detect default configuration classes for test class [com.javasampleapproach.mysql.address.CreateAddressTest]: CreateAddressTest does not declare any static, non-private, non-final, nested classes annotated with @Configuration.
23:15:33.080 [main] DEBUG org.springframework.test.context.support.ActiveProfilesUtils - Could not find an 'annotation declaring class' for annotation type [org.springframework.test.context.ActiveProfiles] and class [com.javasampleapproach.mysql.address.CreateAddressTest]
23:15:33.099 [main] DEBUG org.springframework.core.env.StandardEnvironment - Adding [systemProperties] PropertySource with lowest search precedence
23:15:33.103 [main] DEBUG org.springframework.core.env.StandardEnvironment - Adding [systemEnvironment] PropertySource with lowest search precedence
23:15:33.103 [main] DEBUG org.springframework.core.env.StandardEnvironment - Initialized StandardEnvironment with PropertySources [systemProperties,systemEnvironment]
23:15:33.132 [main] DEBUG org.springframework.core.io.support.PathMatchingResourcePatternResolver - Resolved classpath location [com/javasampleapproach/mysql/address/] to resources [URL [file:/C:/Users/Nikola/Downloads/SpringJPA-MySQL/SpringJPA-MySQL/target/test-classes/com/javasampleapproach/mysql/address/]]
23:15:33.134 [main] DEBUG org.springframework.core.io.support.PathMatchingResourcePatternResolver - Looking for matching resources in directory tree [C:\Users\Nikola\Downloads\SpringJPA-MySQL\SpringJPA-MySQL\target\test-classes\com\javasampleapproach\mysql\address]
23:15:33.134 [main] DEBUG org.springframework.core.io.support.PathMatchingResourcePatternResolver - Searching directory [C:\Users\Nikola\Downloads\SpringJPA-MySQL\SpringJPA-MySQL\target\test-classes\com\javasampleapproach\mysql\address] for files matching pattern [C:/Users/Nikola/Downloads/SpringJPA-MySQL/SpringJPA-MySQL/target/test-classes/com/javasampleapproach/mysql/address/*.class]
23:15:33.146 [main] DEBUG org.springframework.core.io.support.PathMatchingResourcePatternResolver - Resolved location pattern [classpath*:com/javasampleapproach/mysql/address/*.class] to resources [file [C:\Users\Nikola\Downloads\SpringJPA-MySQL\SpringJPA-MySQL\target\test-classes\com\javasampleapproach\mysql\address\AddressTestFactory.class], file [C:\Users\Nikola\Downloads\SpringJPA-MySQL\SpringJPA-MySQL\target\test-classes\com\javasampleapproach\mysql\address\CreateAddressTest.class]]
23:15:33.188 [main] DEBUG org.springframework.core.io.support.PathMatchingResourcePatternResolver - Resolved classpath location [com/javasampleapproach/mysql/] to resources [URL [file:/C:/Users/Nikola/Downloads/SpringJPA-MySQL/SpringJPA-MySQL/target/test-classes/com/javasampleapproach/mysql/], URL [file:/C:/Users/Nikola/Downloads/SpringJPA-MySQL/SpringJPA-MySQL/target/classes/com/javasampleapproach/mysql/]]
23:15:33.188 [main] DEBUG org.springframework.core.io.support.PathMatchingResourcePatternResolver - Looking for matching resources in directory tree [C:\Users\Nikola\Downloads\SpringJPA-MySQL\SpringJPA-MySQL\target\test-classes\com\javasampleapproach\mysql]
23:15:33.188 [main] DEBUG org.springframework.core.io.support.PathMatchingResourcePatternResolver - Searching directory [C:\Users\Nikola\Downloads\SpringJPA-MySQL\SpringJPA-MySQL\target\test-classes\com\javasampleapproach\mysql] for files matching pattern [C:/Users/Nikola/Downloads/SpringJPA-MySQL/SpringJPA-MySQL/target/test-classes/com/javasampleapproach/mysql/*.class]
23:15:33.190 [main] DEBUG org.springframework.core.io.support.PathMatchingResourcePatternResolver - Looking for matching resources in directory tree [C:\Users\Nikola\Downloads\SpringJPA-MySQL\SpringJPA-MySQL\target\classes\com\javasampleapproach\mysql]
23:15:33.191 [main] DEBUG org.springframework.core.io.support.PathMatchingResourcePatternResolver - Searching directory [C:\Users\Nikola\Downloads\SpringJPA-MySQL\SpringJPA-MySQL\target\classes\com\javasampleapproach\mysql] for files matching pattern [C:/Users/Nikola/Downloads/SpringJPA-MySQL/SpringJPA-MySQL/target/classes/com/javasampleapproach/mysql/*.class]
23:15:33.196 [main] DEBUG org.springframework.core.io.support.PathMatchingResourcePatternResolver - Resolved location pattern [classpath*:com/javasampleapproach/mysql/*.class] to resources [file [C:\Users\Nikola\Downloads\SpringJPA-MySQL\SpringJPA-MySQL\target\test-classes\com\javasampleapproach\mysql\SpringJpaMySqlApplicationTests.class], file [C:\Users\Nikola\Downloads\SpringJPA-MySQL\SpringJPA-MySQL\target\classes\com\javasampleapproach\mysql\SpringJpaMySqlApplication.class]]
23:15:33.271 [main] DEBUG org.springframework.context.annotation.ClassPathScanningCandidateComponentProvider - Identified candidate component class: file [C:\Users\Nikola\Downloads\SpringJPA-MySQL\SpringJPA-MySQL\target\classes\com\javasampleapproach\mysql\SpringJpaMySqlApplication.class]
23:15:33.272 [main] INFO org.springframework.boot.test.context.SpringBootTestContextBootstrapper - Found @SpringBootConfiguration com.javasampleapproach.mysql.SpringJpaMySqlApplication for test class com.javasampleapproach.mysql.address.CreateAddressTest
23:15:33.280 [main] DEBUG org.springframework.boot.test.context.SpringBootTestContextBootstrapper - @TestExecutionListeners is not present for class [com.javasampleapproach.mysql.address.CreateAddressTest]: using defaults.
23:15:33.288 [main] INFO org.springframework.boot.test.context.SpringBootTestContextBootstrapper - Loaded default TestExecutionListener class names from location [META-INF/spring.factories]: [org.springframework.boot.test.mock.mockito.MockitoTestExecutionListener, org.springframework.boot.test.mock.mockito.ResetMocksTestExecutionListener, org.springframework.boot.test.autoconfigure.restdocs.RestDocsTestExecutionListener, org.springframework.boot.test.autoconfigure.web.client.MockRestServiceServerResetTestExecutionListener, org.springframework.boot.test.autoconfigure.web.servlet.MockMvcPrintOnlyOnFailureTestExecutionListener, org.springframework.boot.test.autoconfigure.web.servlet.WebDriverTestExecutionListener, org.springframework.test.context.web.ServletTestExecutionListener, org.springframework.test.context.support.DirtiesContextBeforeModesTestExecutionListener, org.springframework.test.context.support.DependencyInjectionTestExecutionListener, org.springframework.test.context.support.DirtiesContextTestExecutionListener, org.springframework.test.context.transaction.TransactionalTestExecutionListener, org.springframework.test.context.jdbc.SqlScriptsTestExecutionListener]
23:15:33.334 [main] INFO org.springframework.boot.test.context.SpringBootTestContextBootstrapper - Using TestExecutionListeners: [org.springframework.test.context.web.ServletTestExecutionListener@67e2d983, org.springframework.test.context.support.DirtiesContextBeforeModesTestExecutionListener@5d47c63f, org.springframework.boot.test.autoconfigure.SpringBootDependencyInjectionTestExecutionListener@5ea434c8, org.springframework.test.context.support.DirtiesContextTestExecutionListener@3bbc39f8, org.springframework.test.context.transaction.TransactionalTestExecutionListener@4ae3c1cd, org.springframework.test.context.jdbc.SqlScriptsTestExecutionListener@29f69090, org.springframework.boot.test.autoconfigure.restdocs.RestDocsTestExecutionListener@568bf312, org.springframework.boot.test.autoconfigure.web.servlet.WebDriverTestExecutionListener@ca263c2, org.springframework.boot.test.autoconfigure.web.servlet.MockMvcPrintOnlyOnFailureTestExecutionListener@589b3632, org.springframework.boot.test.mock.mockito.MockitoTestExecutionListener@45f45fa1, org.springframework.boot.test.mock.mockito.ResetMocksTestExecutionListener@4c6e276e, org.springframework.boot.test.autoconfigure.web.client.MockRestServiceServerResetTestExecutionListener@534df152]
23:15:33.336 [main] DEBUG org.springframework.test.context.junit4.SpringJUnit4ClassRunner - SpringJUnit4ClassRunner constructor called with [class com.javasampleapproach.mysql.SpringJpaMySqlApplicationTests]
23:15:33.336 [main] DEBUG org.springframework.test.context.BootstrapUtils - Instantiating CacheAwareContextLoaderDelegate from class [org.springframework.test.context.cache.DefaultCacheAwareContextLoaderDelegate]
23:15:33.336 [main] DEBUG org.springframework.test.context.BootstrapUtils - Instantiating BootstrapContext using constructor [public org.springframework.test.context.support.DefaultBootstrapContext(java.lang.Class,org.springframework.test.context.CacheAwareContextLoaderDelegate)]
23:15:33.337 [main] DEBUG org.springframework.test.context.BootstrapUtils - Instantiating TestContextBootstrapper for test class [com.javasampleapproach.mysql.SpringJpaMySqlApplicationTests] from class [org.springframework.boot.test.context.SpringBootTestContextBootstrapper]
23:15:33.338 [main] INFO org.springframework.boot.test.context.SpringBootTestContextBootstrapper - Neither @ContextConfiguration nor @ContextHierarchy found for test class [com.javasampleapproach.mysql.SpringJpaMySqlApplicationTests], using SpringBootContextLoader
23:15:33.339 [main] DEBUG org.springframework.test.context.support.AbstractContextLoader - Did not detect default resource location for test class [com.javasampleapproach.mysql.SpringJpaMySqlApplicationTests]: class path resource [com/javasampleapproach/mysql/SpringJpaMySqlApplicationTests-context.xml] does not exist
23:15:33.340 [main] DEBUG org.springframework.test.context.support.AbstractContextLoader - Did not detect default resource location for test class [com.javasampleapproach.mysql.SpringJpaMySqlApplicationTests]: class path resource [com/javasampleapproach/mysql/SpringJpaMySqlApplicationTestsContext.groovy] does not exist
23:15:33.340 [main] INFO org.springframework.test.context.support.AbstractContextLoader - Could not detect default resource locations for test class [com.javasampleapproach.mysql.SpringJpaMySqlApplicationTests]: no resource found for suffixes {-context.xml, Context.groovy}.
23:15:33.340 [main] INFO org.springframework.test.context.support.AnnotationConfigContextLoaderUtils - Could not detect default configuration classes for test class [com.javasampleapproach.mysql.SpringJpaMySqlApplicationTests]: SpringJpaMySqlApplicationTests does not declare any static, non-private, non-final, nested classes annotated with @Configuration.
23:15:33.374 [main] DEBUG org.springframework.test.context.support.ActiveProfilesUtils - Could not find an 'annotation declaring class' for annotation type [org.springframework.test.context.ActiveProfiles] and class [com.javasampleapproach.mysql.SpringJpaMySqlApplicationTests]
23:15:33.374 [main] DEBUG org.springframework.core.env.StandardEnvironment - Adding [systemProperties] PropertySource with lowest search precedence
23:15:33.374 [main] DEBUG org.springframework.core.env.StandardEnvironment - Adding [systemEnvironment] PropertySource with lowest search precedence
23:15:33.375 [main] DEBUG org.springframework.core.env.StandardEnvironment - Initialized StandardEnvironment with PropertySources [systemProperties,systemEnvironment]
23:15:33.376 [main] DEBUG org.springframework.core.io.support.PathMatchingResourcePatternResolver - Resolved classpath location [com/javasampleapproach/mysql/] to resources [URL [file:/C:/Users/Nikola/Downloads/SpringJPA-MySQL/SpringJPA-MySQL/target/test-classes/com/javasampleapproach/mysql/], URL [file:/C:/Users/Nikola/Downloads/SpringJPA-MySQL/SpringJPA-MySQL/target/classes/com/javasampleapproach/mysql/]]
23:15:33.376 [main] DEBUG org.springframework.core.io.support.PathMatchingResourcePatternResolver - Looking for matching resources in directory tree [C:\Users\Nikola\Downloads\SpringJPA-MySQL\SpringJPA-MySQL\target\test-classes\com\javasampleapproach\mysql]
23:15:33.377 [main] DEBUG org.springframework.core.io.support.PathMatchingResourcePatternResolver - Searching directory [C:\Users\Nikola\Downloads\SpringJPA-MySQL\SpringJPA-MySQL\target\test-classes\com\javasampleapproach\mysql] for files matching pattern [C:/Users/Nikola/Downloads/SpringJPA-MySQL/SpringJPA-MySQL/target/test-classes/com/javasampleapproach/mysql/*.class]
23:15:33.380 [main] DEBUG org.springframework.core.io.support.PathMatchingResourcePatternResolver - Looking for matching resources in directory tree [C:\Users\Nikola\Downloads\SpringJPA-MySQL\SpringJPA-MySQL\target\classes\com\javasampleapproach\mysql]
23:15:33.381 [main] DEBUG org.springframework.core.io.support.PathMatchingResourcePatternResolver - Searching directory [C:\Users\Nikola\Downloads\SpringJPA-MySQL\SpringJPA-MySQL\target\classes\com\javasampleapproach\mysql] for files matching pattern [C:/Users/Nikola/Downloads/SpringJPA-MySQL/SpringJPA-MySQL/target/classes/com/javasampleapproach/mysql/*.class]
23:15:33.385 [main] DEBUG org.springframework.core.io.support.PathMatchingResourcePatternResolver - Resolved location pattern [classpath*:com/javasampleapproach/mysql/*.class] to resources [file [C:\Users\Nikola\Downloads\SpringJPA-MySQL\SpringJPA-MySQL\target\test-classes\com\javasampleapproach\mysql\SpringJpaMySqlApplicationTests.class], file [C:\Users\Nikola\Downloads\SpringJPA-MySQL\SpringJPA-MySQL\target\classes\com\javasampleapproach\mysql\SpringJpaMySqlApplication.class]]
23:15:33.392 [main] DEBUG org.springframework.context.annotation.ClassPathScanningCandidateComponentProvider - Identified candidate component class: file [C:\Users\Nikola\Downloads\SpringJPA-MySQL\SpringJPA-MySQL\target\classes\com\javasampleapproach\mysql\SpringJpaMySqlApplication.class]
23:15:33.392 [main] INFO org.springframework.boot.test.context.SpringBootTestContextBootstrapper - Found @SpringBootConfiguration com.javasampleapproach.mysql.SpringJpaMySqlApplication for test class com.javasampleapproach.mysql.SpringJpaMySqlApplicationTests
23:15:33.397 [main] DEBUG org.springframework.boot.test.context.SpringBootTestContextBootstrapper - @TestExecutionListeners is not present for class [com.javasampleapproach.mysql.SpringJpaMySqlApplicationTests]: using defaults.
23:15:33.404 [main] INFO org.springframework.boot.test.context.SpringBootTestContextBootstrapper - Loaded default TestExecutionListener class names from location [META-INF/spring.factories]: [org.springframework.boot.test.mock.mockito.MockitoTestExecutionListener, org.springframework.boot.test.mock.mockito.ResetMocksTestExecutionListener, org.springframework.boot.test.autoconfigure.restdocs.RestDocsTestExecutionListener, org.springframework.boot.test.autoconfigure.web.client.MockRestServiceServerResetTestExecutionListener, org.springframework.boot.test.autoconfigure.web.servlet.MockMvcPrintOnlyOnFailureTestExecutionListener, org.springframework.boot.test.autoconfigure.web.servlet.WebDriverTestExecutionListener, org.springframework.test.context.web.ServletTestExecutionListener, org.springframework.test.context.support.DirtiesContextBeforeModesTestExecutionListener, org.springframework.test.context.support.DependencyInjectionTestExecutionListener, org.springframework.test.context.support.DirtiesContextTestExecutionListener, org.springframework.test.context.transaction.TransactionalTestExecutionListener, org.springframework.test.context.jdbc.SqlScriptsTestExecutionListener]
23:15:33.410 [main] INFO org.springframework.boot.test.context.SpringBootTestContextBootstrapper - Using TestExecutionListeners: [org.springframework.test.context.web.ServletTestExecutionListener@71c8becc, org.springframework.test.context.support.DirtiesContextBeforeModesTestExecutionListener@19d37183, org.springframework.boot.test.autoconfigure.SpringBootDependencyInjectionTestExecutionListener@1a0dcaa, org.springframework.test.context.support.DirtiesContextTestExecutionListener@3bd40a57, org.springframework.test.context.transaction.TransactionalTestExecutionListener@fdefd3f, org.springframework.test.context.jdbc.SqlScriptsTestExecutionListener@d83da2e, org.springframework.boot.test.autoconfigure.restdocs.RestDocsTestExecutionListener@a4102b8, org.springframework.boot.test.autoconfigure.web.servlet.WebDriverTestExecutionListener@11dc3715, org.springframework.boot.test.autoconfigure.web.servlet.MockMvcPrintOnlyOnFailureTestExecutionListener@69930714, org.springframework.boot.test.mock.mockito.MockitoTestExecutionListener@7a52f2a2, org.springframework.boot.test.mock.mockito.ResetMocksTestExecutionListener@78047b92, org.springframework.boot.test.autoconfigure.web.client.MockRestServiceServerResetTestExecutionListener@8909f18]
23:15:33.419 [main] DEBUG org.springframework.test.annotation.ProfileValueUtils - Retrieved @ProfileValueSourceConfiguration [null] for test class [com.javasampleapproach.mysql.address.CreateAddressTest]
23:15:33.420 [main] DEBUG org.springframework.test.annotation.ProfileValueUtils - Retrieved ProfileValueSource type [class org.springframework.test.annotation.SystemProfileValueSource] for class [com.javasampleapproach.mysql.address.CreateAddressTest]
23:15:33.421 [main] DEBUG org.springframework.test.annotation.ProfileValueUtils - Retrieved @ProfileValueSourceConfiguration [null] for test class [com.javasampleapproach.mysql.SpringJpaMySqlApplicationTests]
23:15:33.421 [main] DEBUG org.springframework.test.annotation.ProfileValueUtils - Retrieved ProfileValueSource type [class org.springframework.test.annotation.SystemProfileValueSource] for class [com.javasampleapproach.mysql.SpringJpaMySqlApplicationTests]
23:15:33.426 [main] DEBUG org.springframework.test.context.junit4.SpringJUnit4ClassRunner - SpringJUnit4ClassRunner constructor called with [class com.javasampleapproach.mysql.address.CreateAddressTest]
23:15:33.427 [main] DEBUG org.springframework.test.context.BootstrapUtils - Instantiating CacheAwareContextLoaderDelegate from class [org.springframework.test.context.cache.DefaultCacheAwareContextLoaderDelegate]
23:15:33.427 [main] DEBUG org.springframework.test.context.BootstrapUtils - Instantiating BootstrapContext using constructor [public org.springframework.test.context.support.DefaultBootstrapContext(java.lang.Class,org.springframework.test.context.CacheAwareContextLoaderDelegate)]
23:15:33.428 [main] DEBUG org.springframework.test.context.BootstrapUtils - Instantiating TestContextBootstrapper for test class [com.javasampleapproach.mysql.address.CreateAddressTest] from class [org.springframework.boot.test.context.SpringBootTestContextBootstrapper]
23:15:33.429 [main] INFO org.springframework.boot.test.context.SpringBootTestContextBootstrapper - Neither @ContextConfiguration nor @ContextHierarchy found for test class [com.javasampleapproach.mysql.address.CreateAddressTest], using SpringBootContextLoader
23:15:33.430 [main] DEBUG org.springframework.test.context.support.AbstractContextLoader - Did not detect default resource location for test class [com.javasampleapproach.mysql.address.CreateAddressTest]: class path resource [com/javasampleapproach/mysql/address/CreateAddressTest-context.xml] does not exist
23:15:33.431 [main] DEBUG org.springframework.test.context.support.AbstractContextLoader - Did not detect default resource location for test class [com.javasampleapproach.mysql.address.CreateAddressTest]: class path resource [com/javasampleapproach/mysql/address/CreateAddressTestContext.groovy] does not exist
23:15:33.432 [main] INFO org.springframework.test.context.support.AbstractContextLoader - Could not detect default resource locations for test class [com.javasampleapproach.mysql.address.CreateAddressTest]: no resource found for suffixes {-context.xml, Context.groovy}.
23:15:33.432 [main] INFO org.springframework.test.context.support.AnnotationConfigContextLoaderUtils - Could not detect default configuration classes for test class [com.javasampleapproach.mysql.address.CreateAddressTest]: CreateAddressTest does not declare any static, non-private, non-final, nested classes annotated with @Configuration.
23:15:33.442 [main] DEBUG org.springframework.test.context.support.ActiveProfilesUtils - Could not find an 'annotation declaring class' for annotation type [org.springframework.test.context.ActiveProfiles] and class [com.javasampleapproach.mysql.address.CreateAddressTest]
23:15:33.442 [main] DEBUG org.springframework.core.env.StandardEnvironment - Adding [systemProperties] PropertySource with lowest search precedence
23:15:33.442 [main] DEBUG org.springframework.core.env.StandardEnvironment - Adding [systemEnvironment] PropertySource with lowest search precedence
23:15:33.447 [main] DEBUG org.springframework.core.env.StandardEnvironment - Initialized StandardEnvironment with PropertySources [systemProperties,systemEnvironment]
23:15:33.448 [main] INFO org.springframework.boot.test.context.SpringBootTestContextBootstrapper - Found @SpringBootConfiguration com.javasampleapproach.mysql.SpringJpaMySqlApplication for test class com.javasampleapproach.mysql.address.CreateAddressTest
23:15:33.449 [main] DEBUG org.springframework.boot.test.context.SpringBootTestContextBootstrapper - @TestExecutionListeners is not present for class [com.javasampleapproach.mysql.address.CreateAddressTest]: using defaults.
23:15:33.458 [main] INFO org.springframework.boot.test.context.SpringBootTestContextBootstrapper - Loaded default TestExecutionListener class names from location [META-INF/spring.factories]: [org.springframework.boot.test.mock.mockito.MockitoTestExecutionListener, org.springframework.boot.test.mock.mockito.ResetMocksTestExecutionListener, org.springframework.boot.test.autoconfigure.restdocs.RestDocsTestExecutionListener, org.springframework.boot.test.autoconfigure.web.client.MockRestServiceServerResetTestExecutionListener, org.springframework.boot.test.autoconfigure.web.servlet.MockMvcPrintOnlyOnFailureTestExecutionListener, org.springframework.boot.test.autoconfigure.web.servlet.WebDriverTestExecutionListener, org.springframework.test.context.web.ServletTestExecutionListener, org.springframework.test.context.support.DirtiesContextBeforeModesTestExecutionListener, org.springframework.test.context.support.DependencyInjectionTestExecutionListener, org.springframework.test.context.support.DirtiesContextTestExecutionListener, org.springframework.test.context.transaction.TransactionalTestExecutionListener, org.springframework.test.context.jdbc.SqlScriptsTestExecutionListener]
23:15:33.464 [main] INFO org.springframework.boot.test.context.SpringBootTestContextBootstrapper - Using TestExecutionListeners: [org.springframework.test.context.web.ServletTestExecutionListener@2f177a4b, org.springframework.test.context.support.DirtiesContextBeforeModesTestExecutionListener@4278a03f, org.springframework.boot.test.autoconfigure.SpringBootDependencyInjectionTestExecutionListener@147ed70f, org.springframework.test.context.support.DirtiesContextTestExecutionListener@61dd025, org.springframework.test.context.transaction.TransactionalTestExecutionListener@124c278f, org.springframework.test.context.jdbc.SqlScriptsTestExecutionListener@15b204a1, org.springframework.boot.test.autoconfigure.restdocs.RestDocsTestExecutionListener@77167fb7, org.springframework.boot.test.autoconfigure.web.servlet.WebDriverTestExecutionListener@1fe20588, org.springframework.boot.test.autoconfigure.web.servlet.MockMvcPrintOnlyOnFailureTestExecutionListener@6ce139a4, org.springframework.boot.test.mock.mockito.MockitoTestExecutionListener@6973bf95, org.springframework.boot.test.mock.mockito.ResetMocksTestExecutionListener@2ddc8ecb, org.springframework.boot.test.autoconfigure.web.client.MockRestServiceServerResetTestExecutionListener@229d10bd]
23:15:33.464 [main] DEBUG org.springframework.test.annotation.ProfileValueUtils - Retrieved @ProfileValueSourceConfiguration [null] for test class [com.javasampleapproach.mysql.address.CreateAddressTest]
23:15:33.465 [main] DEBUG org.springframework.test.annotation.ProfileValueUtils - Retrieved ProfileValueSource type [class org.springframework.test.annotation.SystemProfileValueSource] for class [com.javasampleapproach.mysql.address.CreateAddressTest]
23:15:33.466 [main] DEBUG org.springframework.test.annotation.ProfileValueUtils - Retrieved @ProfileValueSourceConfiguration [null] for test class [com.javasampleapproach.mysql.address.CreateAddressTest]
23:15:33.466 [main] DEBUG org.springframework.test.annotation.ProfileValueUtils - Retrieved ProfileValueSource type [class org.springframework.test.annotation.SystemProfileValueSource] for class [com.javasampleapproach.mysql.address.CreateAddressTest]
23:15:33.469 [main] DEBUG org.springframework.test.context.support.AbstractDirtiesContextTestExecutionListener - Before test class: context [DefaultTestContext@25d250c6 testClass = CreateAddressTest, testInstance = [null], testMethod = [null], testException = [null], mergedContextConfiguration = [WebMergedContextConfiguration@4df50bcc testClass = CreateAddressTest, locations = '{}', classes = '{class com.javasampleapproach.mysql.SpringJpaMySqlApplication}', contextInitializerClasses = '[]', activeProfiles = '{}', propertySourceLocations = '{}', propertySourceProperties = '{org.springframework.boot.test.context.SpringBootTestContextBootstrapper=true}', contextCustomizers = set[org.springframework.boot.test.context.SpringBootTestContextCustomizer@1563da5, org.springframework.boot.test.context.filter.ExcludeFilterContextCustomizer@33c7e1bb, org.springframework.boot.test.mock.mockito.MockitoContextCustomizer@de83144f, org.springframework.boot.test.autoconfigure.properties.PropertyMappingContextCustomizer@0, org.springframework.boot.test.autoconfigure.web.servlet.WebDriverContextCustomizerFactory$Customizer@670b40af], resourceBasePath = 'src/main/webapp', contextLoader = 'org.springframework.boot.test.context.SpringBootContextLoader', parent = [null]]], class annotated with @DirtiesContext [false] with mode [null].
23:15:33.470 [main] DEBUG org.springframework.test.annotation.ProfileValueUtils - Retrieved @ProfileValueSourceConfiguration [null] for test class [com.javasampleapproach.mysql.address.CreateAddressTest]
23:15:33.477 [main] DEBUG org.springframework.test.annotation.ProfileValueUtils - Retrieved ProfileValueSource type [class org.springframework.test.annotation.SystemProfileValueSource] for class [com.javasampleapproach.mysql.address.CreateAddressTest]
23:15:33.584 [main] DEBUG org.springframework.core.env.StandardEnvironment - Adding [systemProperties] PropertySource with lowest search precedence
23:15:33.585 [main] DEBUG org.springframework.core.env.StandardEnvironment - Adding [systemEnvironment] PropertySource with lowest search precedence
23:15:33.585 [main] DEBUG org.springframework.core.env.StandardEnvironment - Initialized StandardEnvironment with PropertySources [systemProperties,systemEnvironment]
23:15:33.586 [main] DEBUG org.springframework.test.context.support.TestPropertySourceUtils - Adding inlined properties to environment: {spring.jmx.enabled=false, org.springframework.boot.test.context.SpringBootTestContextBootstrapper=true, server.port=-1}
23:15:33.587 [main] DEBUG org.springframework.core.env.StandardEnvironment - Adding [Inlined Test Properties] PropertySource with highest search precedence

  .   ____          _            __ _ _
 /\\ / ___'_ __ _ _(_)_ __  __ _ \ \ \ \
( ( )\___ | '_ | '_| | '_ \/ _` | \ \ \ \
 \\/  ___)| |_)| | | | | || (_| |  ) ) ) )
  '  |____| .__|_| |_|_| |_\__, | / / / /
 =========|_|==============|___/=/_/_/_/
 :: Spring Boot ::        (v1.4.3.RELEASE)

2019-02-21 23:15:34.266  INFO 11064 --- [           main] c.j.mysql.address.CreateAddressTest      : Starting CreateAddressTest on DESKTOP-EJHL6BK with PID 11064 (started by Nikola in C:\Users\Nikola\Downloads\SpringJPA-MySQL\SpringJPA-MySQL)
2019-02-21 23:15:34.268  INFO 11064 --- [           main] c.j.mysql.address.CreateAddressTest      : No active profile set, falling back to default profiles: default
2019-02-21 23:15:34.642  INFO 11064 --- [           main] o.s.w.c.s.GenericWebApplicationContext   : Refreshing org.springframework.web.context.support.GenericWebApplicationContext@76b07f29: startup date [Thu Feb 21 23:15:34 CET 2019]; root of context hierarchy
2019-02-21 23:15:36.971  INFO 11064 --- [           main] trationDelegate$BeanPostProcessorChecker : Bean 'org.springframework.transaction.annotation.ProxyTransactionManagementConfiguration' of type [class org.springframework.transaction.annotation.ProxyTransactionManagementConfiguration$$EnhancerBySpringCGLIB$$8f2f2cfa] is not eligible for getting processed by all BeanPostProcessors (for example: not eligible for auto-proxying)
2019-02-21 23:15:37.521  INFO 11064 --- [           main] j.LocalContainerEntityManagerFactoryBean : Building JPA container EntityManagerFactory for persistence unit 'default'
2019-02-21 23:15:37.547  INFO 11064 --- [           main] o.hibernate.jpa.internal.util.LogHelper  : HHH000204: Processing PersistenceUnitInfo [
	name: default
	...]
2019-02-21 23:15:37.666  INFO 11064 --- [           main] org.hibernate.Version                    : HHH000412: Hibernate Core {5.0.11.Final}
2019-02-21 23:15:37.668  INFO 11064 --- [           main] org.hibernate.cfg.Environment            : HHH000206: hibernate.properties not found
2019-02-21 23:15:37.669  INFO 11064 --- [           main] org.hibernate.cfg.Environment            : HHH000021: Bytecode provider name : javassist
2019-02-21 23:15:37.724  INFO 11064 --- [           main] o.hibernate.annotations.common.Version   : HCANN000001: Hibernate Commons Annotations {5.0.1.Final}
2019-02-21 23:15:38.356  INFO 11064 --- [           main] org.hibernate.dialect.Dialect            : HHH000400: Using dialect: org.hibernate.dialect.MySQL5Dialect
2019-02-21 23:15:39.089  INFO 11064 --- [           main] org.hibernate.tool.hbm2ddl.SchemaExport  : HHH000227: Running hbm2ddl schema export
Hibernate: drop table if exists address_new
Hibernate: drop table if exists customer
Hibernate: create table address_new (address_id bigint not null auto_increment, address_name varchar(255) not null, county varchar(255) not null, street varchar(255) not null, primary key (address_id))
Hibernate: create table customer (id bigint not null auto_increment, firstname varchar(255), lastname varchar(255), primary key (id))
2019-02-21 23:15:39.491  INFO 11064 --- [           main] org.hibernate.tool.hbm2ddl.SchemaExport  : HHH000230: Schema export complete
2019-02-21 23:15:39.579  INFO 11064 --- [           main] j.LocalContainerEntityManagerFactoryBean : Initialized JPA EntityManagerFactory for persistence unit 'default'
2019-02-21 23:15:40.619  INFO 11064 --- [           main] s.w.s.m.m.a.RequestMappingHandlerAdapter : Looking for @ControllerAdvice: org.springframework.web.context.support.GenericWebApplicationContext@76b07f29: startup date [Thu Feb 21 23:15:34 CET 2019]; root of context hierarchy
2019-02-21 23:15:40.731  INFO 11064 --- [           main] s.w.s.m.m.a.RequestMappingHandlerMapping : Mapped "{[/error]}" onto public org.springframework.http.ResponseEntity<java.util.Map<java.lang.String, java.lang.Object>> org.springframework.boot.autoconfigure.web.BasicErrorController.error(javax.servlet.http.HttpServletRequest)
2019-02-21 23:15:40.733  INFO 11064 --- [           main] s.w.s.m.m.a.RequestMappingHandlerMapping : Mapped "{[/error],produces=[text/html]}" onto public org.springframework.web.servlet.ModelAndView org.springframework.boot.autoconfigure.web.BasicErrorController.errorHtml(javax.servlet.http.HttpServletRequest,javax.servlet.http.HttpServletResponse)
2019-02-21 23:15:40.786  INFO 11064 --- [           main] o.s.w.s.handler.SimpleUrlHandlerMapping  : Mapped URL path [/webjars/**] onto handler of type [class org.springframework.web.servlet.resource.ResourceHttpRequestHandler]
2019-02-21 23:15:40.787  INFO 11064 --- [           main] o.s.w.s.handler.SimpleUrlHandlerMapping  : Mapped URL path [/**] onto handler of type [class org.springframework.web.servlet.resource.ResourceHttpRequestHandler]
2019-02-21 23:15:40.868  INFO 11064 --- [           main] o.s.w.s.handler.SimpleUrlHandlerMapping  : Mapped URL path [/**/favicon.ico] onto handler of type [class org.springframework.web.servlet.resource.ResourceHttpRequestHandler]
2019-02-21 23:15:41.639  INFO 11064 --- [           main] c.j.mysql.address.CreateAddressTest      : Started CreateAddressTest in 8.026 seconds (JVM running for 9.583)
]]></system-out>
    <system-err><![CDATA[Loading class `com.mysql.jdbc.Driver'. This is deprecated. The new driver class is `com.mysql.cj.jdbc.Driver'. The driver is automatically registered via the SPI and manual loading of the driver class is generally unnecessary.
]]></system-err>
  </testcase>
</testsuite>